Using pre-set license
Built from '2022.3/staging' branch; Version is '2022.3.21f1 (bf09ca542b87) revision 12519882'; Using compiler version '192829333'; Build Type 'Release'
OS: 'Windows 11  (10.0.26100) 64bit Core' Language: 'ko' Physical Memory: 65298 MB
BatchMode: 1, IsHumanControllingUs: 0, StartBugReporterOnCrash: 0, Is64bit: 1, IsPro: 1

COMMAND LINE ARGUMENTS:
C:\Program Files\Unity\Hub\Editor\2022.3.21f1\Editor\Unity.exe
-adb2
-batchMode
-noUpm
-name
AssetImportWorker0
-projectPath
C:/Users/hs087/OneDrive/바탕 화면/프로젝트/Project_Linked
-logFile
Logs/AssetImportWorker0.log
-srvPort
50373
Successfully changed project path to: C:/Users/hs087/OneDrive/바탕 화면/프로젝트/Project_Linked
C:/Users/hs087/OneDrive/바탕 화면/프로젝트/Project_Linked
[UnityMemory] Configuration Parameters - Can be set up in boot.config
    "memorysetup-bucket-allocator-granularity=16"
    "memorysetup-bucket-allocator-bucket-count=8"
    "memorysetup-bucket-allocator-block-size=33554432"
    "memorysetup-bucket-allocator-block-count=8"
    "memorysetup-main-allocator-block-size=16777216"
    "memorysetup-thread-allocator-block-size=16777216"
    "memorysetup-gfx-main-allocator-block-size=16777216"
    "memorysetup-gfx-thread-allocator-block-size=16777216"
    "memorysetup-cache-allocator-block-size=4194304"
    "memorysetup-typetree-allocator-block-size=2097152"
    "memorysetup-profiler-bucket-allocator-granularity=16"
    "memorysetup-profiler-bucket-allocator-bucket-count=8"
    "memorysetup-profiler-bucket-allocator-block-size=33554432"
    "memorysetup-profiler-bucket-allocator-block-count=8"
    "memorysetup-profiler-allocator-block-size=16777216"
    "memorysetup-profiler-editor-allocator-block-size=1048576"
    "memorysetup-temp-allocator-size-main=16777216"
    "memorysetup-job-temp-allocator-block-size=2097152"
    "memorysetup-job-temp-allocator-block-size-background=1048576"
    "memorysetup-job-temp-allocator-reduction-small-platforms=262144"
    "memorysetup-allocator-temp-initial-block-size-main=262144"
    "memorysetup-allocator-temp-initial-block-size-worker=262144"
    "memorysetup-temp-allocator-size-background-worker=32768"
    "memorysetup-temp-allocator-size-job-worker=262144"
    "memorysetup-temp-allocator-size-preload-manager=33554432"
    "memorysetup-temp-allocator-size-nav-mesh-worker=65536"
    "memorysetup-temp-allocator-size-audio-worker=65536"
    "memorysetup-temp-allocator-size-cloud-worker=32768"
    "memorysetup-temp-allocator-size-gi-baking-worker=262144"
    "memorysetup-temp-allocator-size-gfx=262144"
Player connection [27608] Host "[IP] 192.168.200.148 [Port] 0 [Flags] 2 [Guid] 1414294756 [EditorId] 1414294756 [Version] 1048832 [Id] WindowsEditor(7,DESKTOP-QCN2PP3) [Debug] 1 [PackageName] WindowsEditor [ProjectName] Editor" joined multi-casting on [225.0.0.222:54997]...

Player connection [27608] Host "[IP] 192.168.200.148 [Port] 0 [Flags] 2 [Guid] 1414294756 [EditorId] 1414294756 [Version] 1048832 [Id] WindowsEditor(7,DESKTOP-QCN2PP3) [Debug] 1 [PackageName] WindowsEditor [ProjectName] Editor" joined alternative multi-casting on [225.0.0.222:34997]...

[Physics::Module] Initialized MultithreadedJobDispatcher with 19 workers.
Refreshing native plugins compatible for Editor in 6.11 ms, found 4 plugins.
Preloading 0 native plugins for Editor in 0.00 ms.
Initialize engine version: 2022.3.21f1 (bf09ca542b87)
[Subsystems] Discovering subsystems at path C:/Program Files/Unity/Hub/Editor/2022.3.21f1/Editor/Data/Resources/UnitySubsystems
[Subsystems] Discovering subsystems at path C:/Users/hs087/OneDrive/바탕 화면/프로젝트/Project_Linked/Assets
GfxDevice: creating device client; threaded=0; jobified=0
Direct3D:
    Version:  Direct3D 11.0 [level 11.1]
    Renderer: NVIDIA GeForce RTX 4070 Ti SUPER (ID=0x2705)
    Vendor:   NVIDIA
    VRAM:     16063 MB
    Driver:   32.0.15.6094
Initialize mono
Mono path[0] = 'C:/Program Files/Unity/Hub/Editor/2022.3.21f1/Editor/Data/Managed'
Mono path[1] = 'C:/Program Files/Unity/Hub/Editor/2022.3.21f1/Editor/Data/MonoBleedingEdge/lib/mono/unityjit-win32'
Mono config path = 'C:/Program Files/Unity/Hub/Editor/2022.3.21f1/Editor/Data/MonoBleedingEdge/etc'
Using monoOptions --debugger-agent=transport=dt_socket,embedding=1,server=y,suspend=n,address=127.0.0.1:56712
Begin MonoManager ReloadAssembly
Registering precompiled unity dll's ...
Register platform support module: C:/Program Files/Unity/Hub/Editor/2022.3.21f1/Editor/Data/PlaybackEngines/AndroidPlayer/UnityEditor.Android.Extensions.dll
Register platform support module: C:/Program Files/Unity/Hub/Editor/2022.3.21f1/Editor/Data/PlaybackEngines/WindowsStandaloneSupport/UnityEditor.WindowsStandalone.Extensions.dll
Registered in 0.004662 seconds.
- Loaded All Assemblies, in  0.205 seconds
Native extension for WindowsStandalone target not found
Native extension for Android target not found
Android Extension - Scanning For ADB Devices 139 ms
Mono: successfully reloaded assembly
- Finished resetting the current domain, in  0.330 seconds
Domain Reload Profiling: 534ms
	BeginReloadAssembly (61ms)
		ExecutionOrderSort (0ms)
		DisableScriptedObjects (0ms)
		BackupInstance (0ms)
		ReleaseScriptingObjects (0ms)
		CreateAndSetChildDomain (0ms)
	RebuildCommonClasses (19ms)
	RebuildNativeTypeToScriptingClass (6ms)
	initialDomainReloadingComplete (33ms)
	LoadAllAssembliesAndSetupDomain (85ms)
		LoadAssemblies (60ms)
		RebuildTransferFunctionScriptingTraits (0ms)
		AnalyzeDomain (84ms)
			TypeCache.Refresh (83ms)
				TypeCache.ScanAssembly (75ms)
			ScanForSourceGeneratedMonoScriptInfo (0ms)
			ResolveRequiredComponents (0ms)
	FinalizeReload (330ms)
		ReleaseScriptCaches (0ms)
		RebuildScriptCaches (0ms)
		SetupLoadedEditorAssemblies (297ms)
			LogAssemblyErrors (0ms)
			InitializePlatformSupportModulesInManaged (204ms)
			SetLoadedEditorAssemblies (2ms)
			RefreshPlugins (0ms)
			BeforeProcessingInitializeOnLoad (1ms)
			ProcessInitializeOnLoadAttributes (64ms)
			ProcessInitializeOnLoadMethodAttributes (26ms)
			AfterProcessingInitializeOnLoad (0ms)
			EditorAssembliesLoaded (0ms)
		ExecutionOrderSort2 (0ms)
		AwakeInstancesAfterBackupRestoration (0ms)
========================================================================
Worker process is ready to serve import requests
Begin MonoManager ReloadAssembly
- Loaded All Assemblies, in  0.369 seconds
Refreshing native plugins compatible for Editor in 2.56 ms, found 4 plugins.
Native extension for WindowsStandalone target not found
Native extension for Android target not found
Mono: successfully reloaded assembly
- Finished resetting the current domain, in  0.363 seconds
Domain Reload Profiling: 730ms
	BeginReloadAssembly (83ms)
		ExecutionOrderSort (0ms)
		DisableScriptedObjects (3ms)
		BackupInstance (0ms)
		ReleaseScriptingObjects (0ms)
		CreateAndSetChildDomain (12ms)
	RebuildCommonClasses (19ms)
	RebuildNativeTypeToScriptingClass (6ms)
	initialDomainReloadingComplete (26ms)
	LoadAllAssembliesAndSetupDomain (233ms)
		LoadAssemblies (183ms)
		RebuildTransferFunctionScriptingTraits (0ms)
		AnalyzeDomain (100ms)
			TypeCache.Refresh (84ms)
				TypeCache.ScanAssembly (75ms)
			ScanForSourceGeneratedMonoScriptInfo (12ms)
			ResolveRequiredComponents (3ms)
	FinalizeReload (363ms)
		ReleaseScriptCaches (0ms)
		RebuildScriptCaches (0ms)
		SetupLoadedEditorAssemblies (270ms)
			LogAssemblyErrors (0ms)
			InitializePlatformSupportModulesInManaged (14ms)
			SetLoadedEditorAssemblies (3ms)
			RefreshPlugins (0ms)
			BeforeProcessingInitializeOnLoad (42ms)
			ProcessInitializeOnLoadAttributes (185ms)
			ProcessInitializeOnLoadMethodAttributes (23ms)
			AfterProcessingInitializeOnLoad (4ms)
			EditorAssembliesLoaded (0ms)
		ExecutionOrderSort2 (0ms)
		AwakeInstancesAfterBackupRestoration (3ms)
Launched and connected shader compiler UnityShaderCompiler.exe after 0.02 seconds
Refreshing native plugins compatible for Editor in 2.98 ms, found 4 plugins.
Preloading 0 native plugins for Editor in 0.00 ms.
Unloading 4221 Unused Serialized files (Serialized files now loaded: 0)
Unloading 72 unused Assets / (244.6 KB). Loaded Objects now: 4681.
Memory consumption went from 161.3 MB to 161.1 MB.
Total: 1.987200 ms (FindLiveObjects: 0.143200 ms CreateObjectMapping: 0.044900 ms MarkObjects: 1.661600 ms  DeleteObjects: 0.137000 ms)

AssetImportParameters requested are different than current active one (requested -> active):
  custom:container-demuxer-ogg: 62fdf1f143b41e24485cea50d1cbac27 -> 
  custom:video-codec-MediaFoundation-h265: e54d7ab0439102e2317fc1e4b246158d -> 
  custom:video-decoder-ogg-theora: a1e56fd34408186e4bbccfd4996cb3dc -> 
  custom:framework-win-MediaFoundation: 216162199b28c13a410421893ffa2e32 -> 
  custom:CustomObjectIndexerAttribute: 9a22284fe3817be447336de3de66b15e -> 
  custom:container-demuxer-webm: 4f35f7cbe854078d1ac9338744f61a02 -> 
  custom:container-muxer-webm: aa71ff27fc2769a1b78a27578f13a17b -> 
  custom:video-decoder-webm-vp8: 9c59270c3fd7afecdb556c50c9e8de78 -> 
  custom:SearchIndexIgnoredProperties: e643bd26f0fe6173181afceb89e7c659 -> 
  custom:AudioImporter_EditorPlatform: d09bf68614088b80899f8185d706f6e7 -> 
  custom:video-encoder-webm-vp8: eb34c28f22e8b96e1ab97ce403110664 -> 
  custom:audio-decoder-ogg-vorbis: bf7c407c2cedff20999df2af8eb42d56 -> 
  custom:audio-encoder-webm-vorbis: bf7c407c2cedff20999df2af8eb42d56 -> 
========================================================================
Received Import Request.
  Time since last request: 4368.769228 seconds.
  path: Assets/Image/Icon/EmptyHeart.png
  artifactKey: Guid(a962e9c7807a14e45873cadd8bb288a3) Importer(815301076,1909f56bfc062723c751e8b465ee728b)
Start importing Assets/Image/Icon/EmptyHeart.png using Guid(a962e9c7807a14e45873cadd8bb288a3) Importer(815301076,1909f56bfc062723c751e8b465ee728b)  -> (artifact id: 'baabae6336b6f1e8f3104132da1ac899') in 0.059378 seconds
Number of updated asset objects reloaded before import = 0
Number of asset objects unloaded after import = 3
========================================================================
Received Import Request.
  Time since last request: 5.173548 seconds.
  path: Assets/Image/Icon/Magin
  artifactKey: Guid(08207c08c0030b04683180610086f93f) Importer(815301076,1909f56bfc062723c751e8b465ee728b)
Start importing Assets/Image/Icon/Magin using Guid(08207c08c0030b04683180610086f93f) Importer(815301076,1909f56bfc062723c751e8b465ee728b)  -> (artifact id: '0b822c87abfbb93d9dff475e77151154') in 0.000331 seconds
Number of updated asset objects reloaded before import = 0
Number of asset objects unloaded after import = 0
========================================================================
Received Import Request.
  Time since last request: 5.753489 seconds.
  path: Assets/Image/Icon/Magic
  artifactKey: Guid(08207c08c0030b04683180610086f93f) Importer(815301076,1909f56bfc062723c751e8b465ee728b)
Start importing Assets/Image/Icon/Magic using Guid(08207c08c0030b04683180610086f93f) Importer(815301076,1909f56bfc062723c751e8b465ee728b)  -> (artifact id: '9689c8bb3c31987396ba68be7e1eba92') in 0.000297 seconds
Number of updated asset objects reloaded before import = 0
Number of asset objects unloaded after import = 0
========================================================================
Received Import Request.
  Time since last request: 8.647936 seconds.
  path: Assets/Image/Icon/Magic/Merged
  artifactKey: Guid(21fa8e6bc62201541864fe321be5ee89) Importer(815301076,1909f56bfc062723c751e8b465ee728b)
Start importing Assets/Image/Icon/Magic/Merged using Guid(21fa8e6bc62201541864fe321be5ee89) Importer(815301076,1909f56bfc062723c751e8b465ee728b)  -> (artifact id: '5fdd1954d32a2e4a374b040a5e880675') in 0.000292 seconds
Number of updated asset objects reloaded before import = 0
Number of asset objects unloaded after import = 0
========================================================================
Received Import Request.
  Time since last request: 8.714718 seconds.
  path: Assets/Image/Icon/Magic/Ring
  artifactKey: Guid(29a8ab6c00b98a1468ea3a8b235e2c78) Importer(815301076,1909f56bfc062723c751e8b465ee728b)
Start importing Assets/Image/Icon/Magic/Ring using Guid(29a8ab6c00b98a1468ea3a8b235e2c78) Importer(815301076,1909f56bfc062723c751e8b465ee728b)  -> (artifact id: '72bdf6401e83f1b8a8018e902c67b5e6') in 0.000327 seconds
Number of updated asset objects reloaded before import = 0
Number of asset objects unloaded after import = 0
========================================================================
Received Import Request.
  Time since last request: 4.274817 seconds.
  path: Assets/Image/Icon/Magic/Element
  artifactKey: Guid(79a78a34456247e40a50c997a3045046) Importer(815301076,1909f56bfc062723c751e8b465ee728b)
Start importing Assets/Image/Icon/Magic/Element using Guid(79a78a34456247e40a50c997a3045046) Importer(815301076,1909f56bfc062723c751e8b465ee728b)  -> (artifact id: 'c45a7ef8dd364298a45d7c50b585d590') in 0.000300 seconds
Number of updated asset objects reloaded before import = 0
Number of asset objects unloaded after import = 0
========================================================================
Received Import Request.
  Time since last request: 4.235183 seconds.
  path: Assets/Image/Icon/Magic/Merged/AirRingmerged.png
  artifactKey: Guid(b64141dfd7334fd4e99b19b5f2ffe325) Importer(815301076,1909f56bfc062723c751e8b465ee728b)
Start importing Assets/Image/Icon/Magic/Merged/AirRingmerged.png using Guid(b64141dfd7334fd4e99b19b5f2ffe325) Importer(815301076,1909f56bfc062723c751e8b465ee728b)  -> (artifact id: 'd80fa370f8a490078324c0690c1dcd88') in 0.012472 seconds
Number of updated asset objects reloaded before import = 0
Number of asset objects unloaded after import = 3
========================================================================
Received Import Request.
  Time since last request: 4.702304 seconds.
  path: Assets/Image/Icon/Magic/Ring/AirRing1.png
  artifactKey: Guid(22924151283a6264ba5af0c4b18e7dee) Importer(815301076,1909f56bfc062723c751e8b465ee728b)
Start importing Assets/Image/Icon/Magic/Ring/AirRing1.png using Guid(22924151283a6264ba5af0c4b18e7dee) Importer(815301076,1909f56bfc062723c751e8b465ee728b)  -> (artifact id: 'e4134066881277db7cdd9a8d8f38c830') in 0.028466 seconds
Number of updated asset objects reloaded before import = 0
Number of asset objects unloaded after import = 3
========================================================================
Received Import Request.
  Time since last request: 5.455771 seconds.
  path: Assets/Image/Icon/Magic/Element/AirElement1.png
  artifactKey: Guid(cb11f5675b92dcc47a8489bdf31ce701) Importer(815301076,1909f56bfc062723c751e8b465ee728b)
Start importing Assets/Image/Icon/Magic/Element/AirElement1.png using Guid(cb11f5675b92dcc47a8489bdf31ce701) Importer(815301076,1909f56bfc062723c751e8b465ee728b)  -> (artifact id: '9b6453e5cace231c9d82674a82c4c983') in 0.018877 seconds
Number of updated asset objects reloaded before import = 0
Number of asset objects unloaded after import = 3
========================================================================
Received Import Request.
  Time since last request: 11.083347 seconds.
  path: Assets/Image/Character/MascoteMaybe.png
  artifactKey: Guid(588319d96cfd4b84ab3f604ccbf7672e) Importer(815301076,1909f56bfc062723c751e8b465ee728b)
Start importing Assets/Image/Character/MascoteMaybe.png using Guid(588319d96cfd4b84ab3f604ccbf7672e) Importer(815301076,1909f56bfc062723c751e8b465ee728b)  -> (artifact id: 'd6982dc9bacd33b4b783a05e1500c784') in 0.012633 seconds
Number of updated asset objects reloaded before import = 0
Number of asset objects unloaded after import = 3
========================================================================
Received Import Request.
  Time since last request: 6.442471 seconds.
  path: Assets/Image/Icon/마우스우.png
  artifactKey: Guid(829f3ea54f522bf4d9ce559a2fb2d525) Importer(815301076,1909f56bfc062723c751e8b465ee728b)
Start importing Assets/Image/Icon/마우스우.png using Guid(829f3ea54f522bf4d9ce559a2fb2d525) Importer(815301076,1909f56bfc062723c751e8b465ee728b)  -> (artifact id: '3a3ae0b9b0986fbda0e1a623b84e8d7f') in 0.013834 seconds
Number of updated asset objects reloaded before import = 0
Number of asset objects unloaded after import = 3
========================================================================
Received Import Request.
  Time since last request: 0.011671 seconds.
  path: Assets/Image/Icon/마우스좌.png
  artifactKey: Guid(80e4e5f0ad49dce488bc6a7ea4ea9032) Importer(815301076,1909f56bfc062723c751e8b465ee728b)
Start importing Assets/Image/Icon/마우스좌.png using Guid(80e4e5f0ad49dce488bc6a7ea4ea9032) Importer(815301076,1909f56bfc062723c751e8b465ee728b)  -> (artifact id: '452b54c84faec8c262096adeca297041') in 0.024291 seconds
Number of updated asset objects reloaded before import = 0
Number of asset objects unloaded after import = 3
========================================================================
Received Import Request.
  Time since last request: 18.428839 seconds.
  path: Assets/Image/Icon/Illustrate
  artifactKey: Guid(f5d2e183ec325224ab03fac0fc4d8387) Importer(815301076,1909f56bfc062723c751e8b465ee728b)
Start importing Assets/Image/Icon/Illustrate using Guid(f5d2e183ec325224ab03fac0fc4d8387) Importer(815301076,1909f56bfc062723c751e8b465ee728b)  -> (artifact id: '5133b4c28d61094281159246606f99f8') in 0.000310 seconds
Number of updated asset objects reloaded before import = 0
Number of asset objects unloaded after import = 0
========================================================================
Received Import Request.
  Time since last request: 2.863273 seconds.
  path: Assets/Image/Icon/Illustrate/Gemini_Generated_Image_bcddhhbcddhhbcdd-removebg-preview.png
  artifactKey: Guid(d43767a5e39b18a4599e10f50ec13a91) Importer(815301076,1909f56bfc062723c751e8b465ee728b)
Start importing Assets/Image/Icon/Illustrate/Gemini_Generated_Image_bcddhhbcddhhbcdd-removebg-preview.png using Guid(d43767a5e39b18a4599e10f50ec13a91) Importer(815301076,1909f56bfc062723c751e8b465ee728b)  -> (artifact id: '04f08131de65c67d1ae6c4d099f4c238') in 0.021507 seconds
Number of updated asset objects reloaded before import = 0
Number of asset objects unloaded after import = 3
